21:36:2021 14:36:08.743 INFO stepDefinition.GoogleSearch [TestNG-tests-1] - Google is launched successfully
21:36:2021 14:36:08.915 INFO stepDefinition.GoogleSearch [TestNG-tests-1] - Search value is provided
21:36:2021 14:36:11.294 INFO stepDefinition.GoogleSearch [TestNG-tests-1] - Search Results are obtained
21:39:2021 14:39:17.299 INFO stepDefinition.GoogleSearch [TestNG-tests-1] - Google is launched successfully
21:39:2021 14:39:17.500 INFO stepDefinition.GoogleSearch [TestNG-tests-1] - Search value is provided
21:39:2021 14:39:19.794 INFO stepDefinition.GoogleSearch [TestNG-tests-1] - Search Results are obtained
21:45:2021 14:45:40.623 INFO stepDefinition.GoogleSearch [TestNG-tests-1] - Google is launched successfully
21:45:2021 14:45:40.811 INFO stepDefinition.GoogleSearch [TestNG-tests-1] - Search value is provided
21:45:2021 14:45:43.336 INFO stepDefinition.GoogleSearch [TestNG-tests-1] - Search Results are obtained
21:45:2021 14:45:48.410 INFO stepDefinition.LoginStep [TestNG-tests-1] - Login page is launched
21:49:2021 14:49:52.130 INFO stepDefinition.GoogleSearch [TestNG-tests-1] - Google is launched successfully
21:49:2021 14:49:52.342 INFO stepDefinition.GoogleSearch [TestNG-tests-1] - Search value is provided
21:49:2021 14:49:55.003 INFO stepDefinition.GoogleSearch [TestNG-tests-1] - Search Results are obtained
21:58:2021 14:58:51.467 INFO stepDefinition.LoginStep [TestNG-tests-1] - Login page is launched
21:58:2021 14:58:51.912 INFO stepDefinition.LoginStep [TestNG-tests-1] - Login Page is loaded as expected.
21:58:2021 14:58:53.731 INFO stepDefinition.LoginStep [TestNG-tests-1] - Username and password are entred successfully and Login is inprogress...
21:00:2021 15:00:17.885 INFO stepDefinition.LoginStep [TestNG-tests-1] - Login is successful, Home page is loaded
21:00:2021 15:00:19.924 INFO stepDefinition.LoginStep [TestNG-tests-1] - Product version is captured successfully
21:00:2021 15:00:23.316 INFO stepDefinition.LoginStep [TestNG-tests-1] - Logged out from the account
21:09:2021 17:09:54.668 INFO stepDefinition.LoginStep [TestNG-tests-1] - Login page is launched
21:09:2021 17:09:55.060 INFO stepDefinition.LoginStep [TestNG-tests-1] - Login Page is loaded as expected.
21:09:2021 17:09:56.420 INFO stepDefinition.LoginStep [TestNG-tests-1] - Username and password are entred successfully and Login is inprogress...
21:10:2021 17:10:10.835 INFO stepDefinition.LoginStep [TestNG-tests-1] - Login is successful, Home page is loaded
21:10:2021 17:10:12.926 INFO stepDefinition.LoginStep [TestNG-tests-1] - Product version is captured successfully
21:10:2021 17:10:15.621 INFO stepDefinition.LoginStep [TestNG-tests-1] - Logged out from the account
21:19:2021 17:19:33.608 INFO stepDefinition.LoginStep [TestNG-tests-1] - Login page is launched
21:19:2021 17:19:34.081 INFO stepDefinition.LoginStep [TestNG-tests-1] - Login Page is loaded as expected.
21:19:2021 17:19:35.554 INFO stepDefinition.LoginStep [TestNG-tests-1] - Username and password are entred successfully and Login is inprogress...
21:19:2021 17:19:57.481 INFO stepDefinition.LoginStep [TestNG-tests-1] - Login is successful, Home page is loaded
21:19:2021 17:19:59.395 INFO stepDefinition.LoginStep [TestNG-tests-1] - Product version is captured successfully
21:20:2021 17:20:02.109 INFO stepDefinition.LoginStep [TestNG-tests-1] - Logged out from the account
